[38;5;33m[4m
Iteration 1 of 5
[24m[39m[32m200[39m[36m 1156ms[39m[37m power-on-200-custom-invalid [39m[36m[POST] [39m[38;5;245m[4mhttps://qa-challenges-lightbulb.atlassian.io/api/allmethods/on
[24m[39m[31m    ✗ TC1: expected status = 400
[39m[32m    ✔ TC2: expected in response = 'Valid values 1-60'
[39m[37m
Summary:

[39m[37mParent                   	Pass Count	 FailCount
[39m[37m-------------------------------------------------------------
[39m[37mFolder post-200-invalid  	[39m[32m         1	[39m[31m         1
[39m[37m
[39m[37mTotal                    	[39m[32m         1	[39m[31m         1
[39m[38;5;33m[4m
Iteration 2 of 5
[24m[39m[31m400[39m[36m 829ms[39m[37m power-on-200-custom-invalid [39m[36m[POST] [39m[38;5;245m[4mhttps://qa-challenges-lightbulb.atlassian.io/api/allmethods/on
[24m[39m[32m    ✔ TC1: expected status = 400
[39m[32m    ✔ TC2: expected in response = 'Valid values 1-60'
[39m[37m
Summary:

[39m[37mParent                   	Pass Count	 FailCount
[39m[37m-------------------------------------------------------------
[39m[37mFolder post-200-invalid  	[39m[32m         2	[39m[31m         0
[39m[37m
[39m[37mTotal                    	[39m[32m         2	[39m[31m         0
[39m[38;5;33m[4m
Iteration 3 of 5
[24m[39m[31m400[39m[36m 829ms[39m[37m power-on-200-custom-invalid [39m[36m[POST] [39m[38;5;245m[4mhttps://qa-challenges-lightbulb.atlassian.io/api/allmethods/on
[24m[39m[32m    ✔ TC1: expected status = 400
[39m[32m    ✔ TC2: expected in response = 'Valid values 1-60'
[39m[37m
Summary:

[39m[37mParent                   	Pass Count	 FailCount
[39m[37m-------------------------------------------------------------
[39m[37mFolder post-200-invalid  	[39m[32m         2	[39m[31m         0
[39m[37m
[39m[37mTotal                    	[39m[32m         2	[39m[31m         0
[39m[38;5;33m[4m
Iteration 4 of 5
[24m[39m[31m400[39m[36m 828ms[39m[37m power-on-200-custom-invalid [39m[36m[POST] [39m[38;5;245m[4mhttps://qa-challenges-lightbulb.atlassian.io/api/allmethods/on
[24m[39m[32m    ✔ TC1: expected status = 400
[39m[32m    ✔ TC2: expected in response = 'Valid values 1-60'
[39m[37m
Summary:

[39m[37mParent                   	Pass Count	 FailCount
[39m[37m-------------------------------------------------------------
[39m[37mFolder post-200-invalid  	[39m[32m         2	[39m[31m         0
[39m[37m
[39m[37mTotal                    	[39m[32m         2	[39m[31m         0
[39m[38;5;33m[4m
Iteration 5 of 5
[24m[39m[31m400[39m[36m 822ms[39m[37m power-on-200-custom-invalid [39m[36m[POST] [39m[38;5;245m[4mhttps://qa-challenges-lightbulb.atlassian.io/api/allmethods/on
[24m[39m[32m    ✔ TC1: expected status = 400
[39m[32m    ✔ TC2: expected in response = 'Valid values 1-60'
[39m[37m
Summary:

[39m[37mParent                   	Pass Count	 FailCount
[39m[37m-------------------------------------------------------------
[39m[37mFolder post-200-invalid  	[39m[32m         2	[39m[31m         0
[39m[37m
[39m[37mTotal                    	[39m[32m         2	[39m[31m         0
[39m